#
# There is insufficient memory for the Java Runtime Environment to continue.
# Native memory allocation (malloc) failed to allocate 189776 bytes for Chunk::new
# Possible reasons:
#   The system is out of physical RAM or swap space
#   The process is running with CompressedOops enabled, and the Java Heap may be blocking the growth of the native heap
# Possible solutions:
#   Reduce memory load on the system
#   Increase physical memory or swap space
#   Check if swap backing store is full
#   Decrease Java heap size (-Xmx/-Xms)
#   Decrease number of Java threads
#   Decrease Java thread stack sizes (-Xss)
#   Set larger code cache with -XX:ReservedCodeCacheSize=
#   JVM is running with Unscaled Compressed Oops mode in which the Java heap is
#     placed in the first 4GB address space. The Java Heap base address is the
#     maximum limit for the native heap growth. Please use -XX:HeapBaseMinAddress
#     to set the Java Heap base and to place the Java Heap above 4GB virtual address.
# This output file may be truncated or incomplete.
#
#  Out of Memory Error (arena.cpp:191), pid=25452, tid=26752
#
# JRE version: OpenJDK Runtime Environment Temurin-17.0.10+7 (17.0.10+7) (build 17.0.10+7)
# Java VM: OpenJDK 64-Bit Server VM Temurin-17.0.10+7 (17.0.10+7, mixed mode, tiered, compressed oops, compressed class ptrs, parallel gc, windows-amd64)
# No core dump will be written. Minidumps are not enabled by default on client versions of Windows
#

---------------  S U M M A R Y ------------

Command Line: --add-modules=ALL-SYSTEM --add-opens=java.base/java.util=ALL-UNNAMED --add-opens=java.base/java.lang=ALL-UNNAMED --add-opens=java.base/sun.nio.fs=ALL-UNNAMED -Declipse.application=org.eclipse.jdt.ls.core.id1 -Dosgi.bundles.defaultStartLevel=4 -Declipse.product=org.eclipse.jdt.ls.core.product -Djava.import.generatesMetadataFilesAtProjectRoot=false -DDetectVMInstallationsJob.disabled=true -Dfile.encoding=utf8 -XX:+UseParallelGC -XX:GCTimeRatio=4 -XX:AdaptiveSizePolicyWeight=90 -Dsun.zip.disableMemoryMapping=true -Xmx1G -Xms100m -Xlog:disable -javaagent:c:\Users\shali\.vscode\extensions\redhat.java-1.30.0-win32-x64\lombok\lombok-1.18.32.jar c:\Users\shali\.vscode\extensions\redhat.java-1.30.0-win32-x64\server\plugins\org.eclipse.equinox.launcher_1.6.800.v20240330-1250.jar -configuration c:\Users\shali\AppData\Roaming\Code\User\globalStorage\redhat.java\1.30.0\config_ss_win -data c:\Users\shali\AppData\Roaming\Code\User\workspaceStorage\cb74f85f1941a01d8268b10eed0c76da\redhat.java\ss_ws --pipe=\\.\pipe\lsp-121099dcf7cf16f81e1af4a34613b306-sock

Host: Intel(R) Core(TM) i7-10750H CPU @ 2.60GHz, 12 cores, 15G,  Windows 11 , 64 bit Build 22621 (10.0.22621.3527)
Time: Sat May 18 14:45:32 2024 Sri Lanka Standard Time elapsed time: 2.189517 seconds (0d 0h 0m 2s)

---------------  T H R E A D  ---------------

Current thread (0x00000222a74fef50):  JavaThread "C2 CompilerThread0" daemon [_thread_in_native, id=26752, stack(0x0000002f40200000,0x0000002f40300000)]


Current CompileTask:
C2:   2189 2276 %     4       java.util.Properties$LineReader::readLine @ 224 (584 bytes)

Stack: [0x0000002f40200000,0x0000002f40300000]
Native frames: (J=compiled Java code, j=interpreted, Vv=VM code, C=native code)
V  [jvm.dll+0x67d2c9]
V  [jvm.dll+0x834afa]
V  [jvm.dll+0x8365be]
V  [jvm.dll+0x836c23]
V  [jvm.dll+0x2477ff]
V  [jvm.dll+0xac514]
V  [jvm.dll+0xacb5c]
V  [jvm.dll+0x366782]
V  [jvm.dll+0x330bfa]
V  [jvm.dll+0x33009a]
V  [jvm.dll+0x219ef1]
V  [jvm.dll+0x219311]
V  [jvm.dll+0x1a502d]
V  [jvm.dll+0x2290de]
V  [jvm.dll+0x2272ac]
V  [jvm.dll+0x7e9bb7]
V  [jvm.dll+0x7e3fba]
V  [jvm.dll+0x67c1b5]
C  [ucrtbase.dll+0x29333]
C  [KERNEL32.DLL+0x1257d]
C  [ntdll.dll+0x5aa48]


---------------  P R O C E S S  ---------------

Threads class SMR info:
_java_thread_list=0x00000222a8bdee50, length=21, elements={
0x000002228c58f880, 0x00000222a2347260, 0x00000222a2348880, 0x000002228c63d460,
0x000002228c63e2e0, 0x00000222a74f9130, 0x00000222a74fad60, 0x00000222a74fef50,
0x00000222a7501960, 0x00000222a7502750, 0x00000222a761ca40, 0x00000222a8bf21d0,
0x00000222a957c1b0, 0x00000222a9399930, 0x00000222a9285310, 0x00000222a96baab0,
0x00000222a92ce890, 0x00000222a96da830, 0x00000222a9875f60, 0x00000222a9876980,
0x00000222a9876e90
}

Java Threads: ( => current thread )
  0x000002228c58f880 JavaThread "main" [_thread_in_vm, id=28944, stack(0x0000002f3f900000,0x0000002f3fa00000)]
  0x00000222a2347260 JavaThread "Reference Handler" daemon [_thread_blocked, id=4044, stack(0x0000002f3fc00000,0x0000002f3fd00000)]
  0x00000222a2348880 JavaThread "Finalizer" daemon [_thread_blocked, id=7692, stack(0x0000002f3fd00000,0x0000002f3fe00000)]
  0x000002228c63d460 JavaThread "Signal Dispatcher" daemon [_thread_blocked, id=13912, stack(0x0000002f3fe00000,0x0000002f3ff00000)]
  0x000002228c63e2e0 JavaThread "Attach Listener" daemon [_thread_blocked, id=25556, stack(0x0000002f3ff00000,0x0000002f40000000)]
  0x00000222a74f9130 JavaThread "Service Thread" daemon [_thread_blocked, id=25924, stack(0x0000002f40000000,0x0000002f40100000)]
  0x00000222a74fad60 JavaThread "Monitor Deflation Thread" daemon [_thread_blocked, id=13784, stack(0x0000002f40100000,0x0000002f40200000)]
=>0x00000222a74fef50 JavaThread "C2 CompilerThread0" daemon [_thread_in_native, id=26752, stack(0x0000002f40200000,0x0000002f40300000)]
  0x00000222a7501960 JavaThread "C1 CompilerThread0" daemon [_thread_blocked, id=16736, stack(0x0000002f40300000,0x0000002f40400000)]
  0x00000222a7502750 JavaThread "Sweeper thread" daemon [_thread_blocked, id=19464, stack(0x0000002f40400000,0x0000002f40500000)]
  0x00000222a761ca40 JavaThread "Common-Cleaner" daemon [_thread_blocked, id=29840, stack(0x0000002f40500000,0x0000002f40600000)]
  0x00000222a8bf21d0 JavaThread "Notification Thread" daemon [_thread_blocked, id=21576, stack(0x0000002f40700000,0x0000002f40800000)]
  0x00000222a957c1b0 JavaThread "C2 CompilerThread1" daemon [_thread_in_native, id=21608, stack(0x0000002f40600000,0x0000002f40700000)]
  0x00000222a9399930 JavaThread "Active Thread: Equinox Container: 2ba94ef9-ff79-4a54-95f6-de8fc293f017" [_thread_blocked, id=23192, stack(0x0000002f40f00000,0x0000002f41000000)]
  0x00000222a9285310 JavaThread "Framework Event Dispatcher: Equinox Container: 2ba94ef9-ff79-4a54-95f6-de8fc293f017" daemon [_thread_blocked, id=5276, stack(0x0000002f41000000,0x0000002f41100000)]
  0x00000222a96baab0 JavaThread "Start Level: Equinox Container: 2ba94ef9-ff79-4a54-95f6-de8fc293f017" daemon [_thread_blocked, id=23252, stack(0x0000002f41100000,0x0000002f41200000)]
  0x00000222a92ce890 JavaThread "SCR Component Actor" daemon [_thread_blocked, id=7652, stack(0x0000002f41200000,0x0000002f41300000)]
  0x00000222a96da830 JavaThread "SCR Component Registry" daemon [_thread_blocked, id=27288, stack(0x0000002f41400000,0x0000002f41500000)]
  0x00000222a9875f60 JavaThread "Worker-JM" [_thread_blocked, id=8856, stack(0x0000002f41500000,0x0000002f41600000)]
  0x00000222a9876980 JavaThread "Worker-0" [_thread_blocked, id=26268, stack(0x0000002f41800000,0x0000002f41900000)]
  0x00000222a9876e90 JavaThread "Worker-1" [_thread_blocked, id=4072, stack(0x0000002f41900000,0x0000002f41a00000)]

Other Threads:
  0x00000222a74c2860 VMThread "VM Thread" [stack: 0x0000002f3fb00000,0x0000002f3fc00000] [id=796]
  0x00000222a8be12a0 WatcherThread [stack: 0x0000002f40800000,0x0000002f40900000] [id=3620]
  0x000002228c5a5040 GCTaskThread "GC Thread#0" [stack: 0x0000002f3fa00000,0x0000002f3fb00000] [id=30164]
  0x00000222a9181de0 GCTaskThread "GC Thread#1" [stack: 0x0000002f40900000,0x0000002f40a00000] [id=25044]
  0x00000222a915d8d0 GCTaskThread "GC Thread#2" [stack: 0x0000002f40a00000,0x0000002f40b00000] [id=6916]
  0x00000222a915db90 GCTaskThread "GC Thread#3" [stack: 0x0000002f40b00000,0x0000002f40c00000] [id=6348]
  0x00000222a915de50 GCTaskThread "GC Thread#4" [stack: 0x0000002f40c00000,0x0000002f40d00000] [id=26992]
  0x00000222a915e110 GCTaskThread "GC Thread#5" [stack: 0x0000002f40d00000,0x0000002f40e00000] [id=30176]
  0x00000222a915e3d0 GCTaskThread "GC Thread#6" [stack: 0x0000002f40e00000,0x0000002f40f00000] [id=12412]
  0x00000222a96ba4e0 GCTaskThread "GC Thread#7" [stack: 0x0000002f41300000,0x0000002f41400000] [id=8104]
  0x00000222a988f1a0 GCTaskThread "GC Thread#8" [stack: 0x0000002f41600000,0x0000002f41700000] [id=14328]
  0x00000222a988f460 GCTaskThread "GC Thread#9" [stack: 0x0000002f41700000,0x0000002f41800000] [id=7688]

Threads with active compile tasks:
C2 CompilerThread0     2203 2276 %     4       java.util.Properties$LineReader::readLine @ 224 (584 bytes)
C2 CompilerThread1     2203 2283   !   4       java.util.zip.ZipFile$Source::checkAndAddEntry (262 bytes)

VM state: not at safepoint (normal execution)

VM Mutex/Monitor currently owned by a thread: None

OutOfMemory and StackOverflow Exception counts:
OutOfMemoryError java_heap_errors=1
LinkageErrors=38

Heap address: 0x00000000c0000000, size: 1024 MB, Compressed Oops mode: 32-bit

CDS archive(s) not mapped
Compressed class space mapped at: 0x0000000100000000-0x0000000140000000, reserved size: 1073741824
Narrow klass base: 0x0000000000000000, Narrow klass shift: 3, Narrow klass range: 0x140000000

GC Precious Log:
 CPUs: 12 total, 12 available
 Memory: 16215M
 Large Page Support: Disabled
 NUMA Support: Disabled
 Compressed Oops: Enabled (32-bit)
 Alignments: Space 512K, Generation 512K, Heap 2M
 Heap Min Capacity: 100M
 Heap Initial Capacity: 100M
 Heap Max Capacity: 1G
 Pre-touch: Disabled
 Parallel Workers: 10

Heap:
 PSYoungGen      total 29696K, used 7503K [0x00000000eab00000, 0x00000000ecc00000, 0x0000000100000000)
  eden space 25600K, 29% used [0x00000000eab00000,0x00000000eb253e78,0x00000000ec400000)
  from space 4096K, 0% used [0x00000000ec800000,0x00000000ec800000,0x00000000ecc00000)
  to   space 4096K, 0% used [0x00000000ec400000,0x00000000ec400000,0x00000000ec800000)
 ParOldGen       total 68608K, used 7022K [0x00000000c0000000, 0x00000000c4300000, 0x00000000eab00000)
  object space 68608K, 10% used [0x00000000c0000000,0x00000000c06db8c8,0x00000000c4300000)
 Metaspace       used 22251K, committed 22720K, reserved 1114112K
  class space    used 2272K, committed 2496K, reserved 1048576K

Card table byte_map: [0x000002229fbc0000,0x000002229fdd0000] _byte_map_base: 0x000002229f5c0000

Marking Bits: (ParMarkBitMap*) 0x00007ffbca8ad7d0
 Begin Bits: [0x000002229ff30000, 0x00000222a0f30000)
 End Bits:   [0x00000222a0f30000, 0x00000222a1f30000)

Polling page: 0x000002228c3b0000

Metaspace:

Usage:
  Non-class:     19.51 MB used.
      Class:      2.22 MB used.
       Both:     21.73 MB used.

Virtual space:
  Non-class space:       64.00 MB reserved,      19.75 MB ( 31%) committed,  1 nodes.
      Class space:        1.00 GB reserved,       2.44 MB ( <1%) committed,  1 nodes.
             Both:        1.06 GB reserved,      22.19 MB (  2%) committed. 

Chunk freelists:
   Non-Class:  11.75 MB
       Class:  13.52 MB
        Both:  25.27 MB

MaxMetaspaceSize: unlimited
CompressedClassSpaceSize: 1.00 GB
Initial GC threshold: 21.00 MB
Current GC threshold: 35.00 MB
CDS: off
MetaspaceReclaimPolicy: balanced
 - commit_granule_bytes: 65536.
 - commit_granule_words: 8192.
 - virtual_space_node_default_size: 8388608.
 - enlarge_chunks_in_place: 1.
 - new_chunks_are_fully_committed: 0.
 - uncommit_free_chunks: 1.
 - use_allocation_guard: 0.
 - handle_deallocations: 1.


Internal statistics:

num_allocs_failed_limit: 3.
num_arena_births: 276.
num_arena_deaths: 14.
num_vsnodes_births: 2.
num_vsnodes_deaths: 0.
num_space_committed: 355.
num_space_uncommitted: 0.
num_chunks_returned_to_freelist: 17.
num_chunks_taken_from_freelist: 800.
num_chunk_merges: 8.
num_chunk_splits: 511.
num_chunks_enlarged: 355.
num_inconsistent_stats: 0.

CodeHeap 'non-profiled nmethods': size=120000Kb used=944Kb max_used=944Kb free=119055Kb
 bounds [0x00000222984a0000, 0x0000022298710000, 0x000002229f9d0000]
CodeHeap 'profiled nmethods': size=120000Kb used=4491Kb max_used=4491Kb free=115509Kb
 bounds [0x00000222909d0000, 0x0000022290e40000, 0x0000022297f00000]
CodeHeap 'non-nmethods': size=5760Kb used=1192Kb max_used=1220Kb free=4567Kb
 bounds [0x0000022297f00000, 0x0000022298170000, 0x00000222984a0000]
 total_blobs=2773 nmethods=2282 adapters=405
 compilation: enabled
              stopped_count=0, restarted_count=0
 full_count=0

Compilation events (20 events):
Event: 2.178 Thread 0x00000222a7501960 2272       3       java.lang.reflect.Field::getFieldAccessor (16 bytes)
Event: 2.178 Thread 0x00000222a7501960 nmethod 2272 0x0000022290e2aa10 code [0x0000022290e2aba0, 0x0000022290e2ad18]
Event: 2.178 Thread 0x00000222a7501960 2273       3       jdk.internal.reflect.ReflectionFactory::newFieldAccessor (83 bytes)
Event: 2.178 Thread 0x00000222a74fef50 2276 %     4       java.util.Properties$LineReader::readLine @ 224 (584 bytes)
Event: 2.178 Thread 0x00000222a7501960 nmethod 2273 0x0000022290e2ad90 code [0x0000022290e2af80, 0x0000022290e2b598]
Event: 2.179 Thread 0x00000222a7501960 2274       3       java.lang.reflect.Field::getRoot (5 bytes)
Event: 2.179 Thread 0x00000222a7501960 nmethod 2274 0x0000022290e2b890 code [0x0000022290e2ba20, 0x0000022290e2bb38]
Event: 2.179 Thread 0x00000222a7501960 2275       3       jdk.internal.reflect.UnsafeFieldAccessorFactory::newFieldAccessor (638 bytes)
Event: 2.180 Thread 0x00000222a7501960 nmethod 2275 0x0000022290e2bc10 code [0x0000022290e2c3a0, 0x0000022290e2f2b8]
Event: 2.181 Thread 0x00000222a7501960 2277       3       org.eclipse.osgi.container.Module::getStartLevel (9 bytes)
Event: 2.181 Thread 0x00000222a7501960 nmethod 2277 0x0000022290e30110 code [0x0000022290e302a0, 0x0000022290e303e8]
Event: 2.183 Thread 0x00000222a7501960 2278       3       org.eclipse.osgi.internal.loader.BundleLoader::getPackageName (25 bytes)
Event: 2.183 Thread 0x00000222a7501960 nmethod 2278 0x0000022290e30490 code [0x0000022290e306a0, 0x0000022290e30be8]
Event: 2.183 Thread 0x00000222a7501960 2279       3       java.lang.ThreadLocal$ThreadLocalMap::nextIndex (15 bytes)
Event: 2.183 Thread 0x00000222a7501960 nmethod 2279 0x0000022290e30e10 code [0x0000022290e30fa0, 0x0000022290e310d8]
Event: 2.183 Thread 0x00000222a957c1b0 2280       4       java.util.ArrayList::contains (14 bytes)
Event: 2.185 Thread 0x00000222a957c1b0 nmethod 2280 0x0000022298589c10 code [0x0000022298589da0, 0x0000022298589ef8]
Event: 2.185 Thread 0x00000222a957c1b0 2281       4       java.util.AbstractSet::<init> (5 bytes)
Event: 2.185 Thread 0x00000222a957c1b0 nmethod 2281 0x000002229858a010 code [0x000002229858a180, 0x000002229858a1f8]
Event: 2.186 Thread 0x00000222a957c1b0 2282   !   4       java.util.concurrent.ConcurrentHashMap::putVal (433 bytes)

GC Heap History (10 events):
Event: 0.939 GC heap before
{Heap before GC invocations=1 (full 0):
 PSYoungGen      total 29696K, used 25600K [0x00000000eab00000, 0x00000000ecc00000, 0x0000000100000000)
  eden space 25600K, 100% used [0x00000000eab00000,0x00000000ec400000,0x00000000ec400000)
  from space 4096K, 0% used [0x00000000ec800000,0x00000000ec800000,0x00000000ecc00000)
  to   space 4096K, 0% used [0x00000000ec400000,0x00000000ec400000,0x00000000ec800000)
 ParOldGen       total 68608K, used 0K [0x00000000c0000000, 0x00000000c4300000, 0x00000000eab00000)
  object space 68608K, 0% used [0x00000000c0000000,0x00000000c0000000,0x00000000c4300000)
 Metaspace       used 11000K, committed 11200K, reserved 1114112K
  class space    used 1096K, committed 1216K, reserved 1048576K
}
Event: 0.952 GC heap after
{Heap after GC invocations=1 (full 0):
 PSYoungGen      total 29696K, used 3188K [0x00000000eab00000, 0x00000000ecc00000, 0x0000000100000000)
  eden space 25600K, 0% used [0x00000000eab00000,0x00000000eab00000,0x00000000ec400000)
  from space 4096K, 77% used [0x00000000ec400000,0x00000000ec71d278,0x00000000ec800000)
  to   space 4096K, 0% used [0x00000000ec800000,0x00000000ec800000,0x00000000ecc00000)
 ParOldGen       total 68608K, used 8K [0x00000000c0000000, 0x00000000c4300000, 0x00000000eab00000)
  object space 68608K, 0% used [0x00000000c0000000,0x00000000c0002000,0x00000000c4300000)
 Metaspace       used 11000K, committed 11200K, reserved 1114112K
  class space    used 1096K, committed 1216K, reserved 1048576K
}
Event: 1.670 GC heap before
{Heap before GC invocations=2 (full 0):
 PSYoungGen      total 29696K, used 28788K [0x00000000eab00000, 0x00000000ecc00000, 0x0000000100000000)
  eden space 25600K, 100% used [0x00000000eab00000,0x00000000ec400000,0x00000000ec400000)
  from space 4096K, 77% used [0x00000000ec400000,0x00000000ec71d278,0x00000000ec800000)
  to   space 4096K, 0% used [0x00000000ec800000,0x00000000ec800000,0x00000000ecc00000)
 ParOldGen       total 68608K, used 8K [0x00000000c0000000, 0x00000000c4300000, 0x00000000eab00000)
  object space 68608K, 0% used [0x00000000c0000000,0x00000000c0002000,0x00000000c4300000)
 Metaspace       used 14841K, committed 15104K, reserved 1114112K
  class space    used 1504K, committed 1664K, reserved 1048576K
}
Event: 1.676 GC heap after
{Heap after GC invocations=2 (full 0):
 PSYoungGen      total 29696K, used 4089K [0x00000000eab00000, 0x00000000ecc00000, 0x0000000100000000)
  eden space 25600K, 0% used [0x00000000eab00000,0x00000000eab00000,0x00000000ec400000)
  from space 4096K, 99% used [0x00000000ec800000,0x00000000ecbfe778,0x00000000ecc00000)
  to   space 4096K, 0% used [0x00000000ec400000,0x00000000ec400000,0x00000000ec800000)
 ParOldGen       total 68608K, used 744K [0x00000000c0000000, 0x00000000c4300000, 0x00000000eab00000)
  object space 68608K, 1% used [0x00000000c0000000,0x00000000c00ba340,0x00000000c4300000)
 Metaspace       used 14841K, committed 15104K, reserved 1114112K
  class space    used 1504K, committed 1664K, reserved 1048576K
}
Event: 2.017 GC heap before
{Heap before GC invocations=3 (full 0):
 PSYoungGen      total 29696K, used 29689K [0x00000000eab00000, 0x00000000ecc00000, 0x0000000100000000)
  eden space 25600K, 100% used [0x00000000eab00000,0x00000000ec400000,0x00000000ec400000)
  from space 4096K, 99% used [0x00000000ec800000,0x00000000ecbfe778,0x00000000ecc00000)
  to   space 4096K, 0% used [0x00000000ec400000,0x00000000ec400000,0x00000000ec800000)
 ParOldGen       total 68608K, used 744K [0x00000000c0000000, 0x00000000c4300000, 0x00000000eab00000)
  object space 68608K, 1% used [0x00000000c0000000,0x00000000c00ba340,0x00000000c4300000)
 Metaspace       used 19741K, committed 20096K, reserved 1114112K
  class space    used 2019K, committed 2176K, reserved 1048576K
}
Event: 2.022 GC heap after
{Heap after GC invocations=3 (full 0):
 PSYoungGen      total 29696K, used 4064K [0x00000000eab00000, 0x00000000ecc00000, 0x0000000100000000)
  eden space 25600K, 0% used [0x00000000eab00000,0x00000000eab00000,0x00000000ec400000)
  from space 4096K, 99% used [0x00000000ec400000,0x00000000ec7f8320,0x00000000ec800000)
  to   space 4096K, 0% used [0x00000000ec800000,0x00000000ec800000,0x00000000ecc00000)
 ParOldGen       total 68608K, used 2453K [0x00000000c0000000, 0x00000000c4300000, 0x00000000eab00000)
  object space 68608K, 3% used [0x00000000c0000000,0x00000000c02655e0,0x00000000c4300000)
 Metaspace       used 19741K, committed 20096K, reserved 1114112K
  class space    used 2019K, committed 2176K, reserved 1048576K
}
Event: 2.104 GC heap before
{Heap before GC invocations=4 (full 0):
 PSYoungGen      total 29696K, used 11641K [0x00000000eab00000, 0x00000000ecc00000, 0x0000000100000000)
  eden space 25600K, 29% used [0x00000000eab00000,0x00000000eb266250,0x00000000ec400000)
  from space 4096K, 99% used [0x00000000ec400000,0x00000000ec7f8320,0x00000000ec800000)
  to   space 4096K, 0% used [0x00000000ec800000,0x00000000ec800000,0x00000000ecc00000)
 ParOldGen       total 68608K, used 2453K [0x00000000c0000000, 0x00000000c4300000, 0x00000000eab00000)
  object space 68608K, 3% used [0x00000000c0000000,0x00000000c02655e0,0x00000000c4300000)
 Metaspace       used 21077K, committed 21504K, reserved 1114112K
  class space    used 2150K, committed 2368K, reserved 1048576K
}
Event: 2.106 GC heap after
{Heap after GC invocations=4 (full 0):
 PSYoungGen      total 29696K, used 4064K [0x00000000eab00000, 0x00000000ecc00000, 0x0000000100000000)
  eden space 25600K, 0% used [0x00000000eab00000,0x00000000eab00000,0x00000000ec400000)
  from space 4096K, 99% used [0x00000000ec800000,0x00000000ecbf8320,0x00000000ecc00000)
  to   space 4096K, 0% used [0x00000000ec400000,0x00000000ec400000,0x00000000ec800000)
 ParOldGen       total 68608K, used 3090K [0x00000000c0000000, 0x00000000c4300000, 0x00000000eab00000)
  object space 68608K, 4% used [0x00000000c0000000,0x00000000c0304828,0x00000000c4300000)
 Metaspace       used 21077K, committed 21504K, reserved 1114112K
  class space    used 2150K, committed 2368K, reserved 1048576K
}
Event: 2.106 GC heap before
{Heap before GC invocations=5 (full 1):
 PSYoungGen      total 29696K, used 4064K [0x00000000eab00000, 0x00000000ecc00000, 0x0000000100000000)
  eden space 25600K, 0% used [0x00000000eab00000,0x00000000eab00000,0x00000000ec400000)
  from space 4096K, 99% used [0x00000000ec800000,0x00000000ecbf8320,0x00000000ecc00000)
  to   space 4096K, 0% used [0x00000000ec400000,0x00000000ec400000,0x00000000ec800000)
 ParOldGen       total 68608K, used 3090K [0x00000000c0000000, 0x00000000c4300000, 0x00000000eab00000)
  object space 68608K, 4% used [0x00000000c0000000,0x00000000c0304828,0x00000000c4300000)
 Metaspace       used 21077K, committed 21504K, reserved 1114112K
  class space    used 2150K, committed 2368K, reserved 1048576K
}
Event: 2.124 GC heap after
{Heap after GC invocations=5 (full 1):
 PSYoungGen      total 29696K, used 0K [0x00000000eab00000, 0x00000000ecc00000, 0x0000000100000000)
  eden space 25600K, 0% used [0x00000000eab00000,0x00000000eab00000,0x00000000ec400000)
  from space 4096K, 0% used [0x00000000ec800000,0x00000000ec800000,0x00000000ecc00000)
  to   space 4096K, 0% used [0x00000000ec400000,0x00000000ec400000,0x00000000ec800000)
 ParOldGen       total 68608K, used 7022K [0x00000000c0000000, 0x00000000c4300000, 0x00000000eab00000)
  object space 68608K, 10% used [0x00000000c0000000,0x00000000c06db8c8,0x00000000c4300000)
 Metaspace       used 21064K, committed 21504K, reserved 1114112K
  class space    used 2147K, committed 2368K, reserved 1048576K
}

Dll operation events (9 events):
Event: 0.008 Loaded shared library c:\Users\shali\.vscode\extensions\redhat.java-1.30.0-win32-x64\jre\17.0.10-win32-x86_64\bin\java.dll
Event: 0.154 Loaded shared library c:\Users\shali\.vscode\extensions\redhat.java-1.30.0-win32-x64\jre\17.0.10-win32-x86_64\bin\zip.dll
Event: 0.159 Loaded shared library C:\Users\shali\.vscode\extensions\redhat.java-1.30.0-win32-x64\jre\17.0.10-win32-x86_64\bin\instrument.dll
Event: 0.174 Loaded shared library C:\Users\shali\.vscode\extensions\redhat.java-1.30.0-win32-x64\jre\17.0.10-win32-x86_64\bin\net.dll
Event: 0.176 Loaded shared library C:\Users\shali\.vscode\extensions\redhat.java-1.30.0-win32-x64\jre\17.0.10-win32-x86_64\bin\nio.dll
Event: 0.185 Loaded shared library C:\Users\shali\.vscode\extensions\redhat.java-1.30.0-win32-x64\jre\17.0.10-win32-x86_64\bin\zip.dll
Event: 0.201 Loaded shared library C:\Users\shali\.vscode\extensions\redhat.java-1.30.0-win32-x64\jre\17.0.10-win32-x86_64\bin\jimage.dll
Event: 0.261 Loaded shared library c:\Users\shali\.vscode\extensions\redhat.java-1.30.0-win32-x64\jre\17.0.10-win32-x86_64\bin\verify.dll
Event: 1.499 Loaded shared library C:\Users\shali\AppData\Roaming\Code\User\globalStorage\redhat.java\1.30.0\config_ss_win\org.eclipse.equinox.launcher\org.eclipse.equinox.launcher.win32.win32.x86_64_1.2.900.v20240213-1244\eclipse_11900.dll

Deoptimization events (20 events):
Event: 2.037 Thread 0x00000222a96baab0 Uncommon trap: trap_request=0xffffffc6 fr.pc=0x0000022298564a38 relative=0x00000000000006d8
Event: 2.037 Thread 0x00000222a96baab0 Uncommon trap: reason=bimorphic_or_optimized_type_check action=maybe_recompile pc=0x0000022298564a38 method=java.io.DataInputStream.readUnsignedShort()I @ 6 c2
Event: 2.037 Thread 0x00000222a96baab0 DEOPT PACKING pc=0x0000022298564a38 sp=0x0000002f411f9320
Event: 2.037 Thread 0x00000222a96baab0 DEOPT UNPACKING pc=0x0000022297f566a3 sp=0x0000002f411f92e8 mode 2
Event: 2.046 Thread 0x00000222a96baab0 Uncommon trap: trap_request=0xffffff45 fr.pc=0x00000222984e5874 relative=0x0000000000000074
Event: 2.046 Thread 0x00000222a96baab0 Uncommon trap: reason=unstable_if action=reinterpret pc=0x00000222984e5874 method=jdk.internal.misc.Unsafe.convEndian(ZJ)J @ 4 c2
Event: 2.046 Thread 0x00000222a96baab0 DEOPT PACKING pc=0x00000222984e5874 sp=0x0000002f411f7af0
Event: 2.046 Thread 0x00000222a96baab0 DEOPT UNPACKING pc=0x0000022297f566a3 sp=0x0000002f411f7a18 mode 2
Event: 2.046 Thread 0x00000222a96baab0 Uncommon trap: trap_request=0xffffff45 fr.pc=0x000002229853059c relative=0x000000000000009c
Event: 2.046 Thread 0x00000222a96baab0 Uncommon trap: reason=unstable_if action=reinterpret pc=0x000002229853059c method=jdk.internal.misc.Unsafe.getLongUnaligned(Ljava/lang/Object;J)J @ 7 c2
Event: 2.046 Thread 0x00000222a96baab0 DEOPT PACKING pc=0x000002229853059c sp=0x0000002f411f7a60
Event: 2.046 Thread 0x00000222a96baab0 DEOPT UNPACKING pc=0x0000022297f566a3 sp=0x0000002f411f7a10 mode 2
Event: 2.075 Thread 0x00000222a96baab0 Uncommon trap: trap_request=0xffffff45 fr.pc=0x0000022298534040 relative=0x0000000000000040
Event: 2.075 Thread 0x00000222a96baab0 Uncommon trap: reason=unstable_if action=reinterpret pc=0x0000022298534040 method=sun.nio.fs.WindowsPathParser.isSlash(C)Z @ 9 c2
Event: 2.075 Thread 0x00000222a96baab0 DEOPT PACKING pc=0x0000022298534040 sp=0x0000002f411f9200
Event: 2.075 Thread 0x00000222a96baab0 DEOPT UNPACKING pc=0x0000022297f566a3 sp=0x0000002f411f9188 mode 2
Event: 2.142 Thread 0x00000222a96baab0 Uncommon trap: trap_request=0xffffff45 fr.pc=0x00000222984caec8 relative=0x0000000000000048
Event: 2.142 Thread 0x00000222a96baab0 Uncommon trap: reason=unstable_if action=reinterpret pc=0x00000222984caec8 method=java.lang.CharacterData.of(I)Ljava/lang/CharacterData; @ 4 c2
Event: 2.142 Thread 0x00000222a96baab0 DEOPT PACKING pc=0x00000222984caec8 sp=0x0000002f411f8b50
Event: 2.142 Thread 0x00000222a96baab0 DEOPT UNPACKING pc=0x0000022297f566a3 sp=0x0000002f411f8ae8 mode 2

Classes unloaded (7 events):
Event: 2.110 Thread 0x00000222a74c2860 Unloading class 0x000000010021a400 'java/lang/invoke/LambdaForm$MH+0x000000010021a400'
Event: 2.110 Thread 0x00000222a74c2860 Unloading class 0x000000010021a000 'java/lang/invoke/LambdaForm$MH+0x000000010021a000'
Event: 2.110 Thread 0x00000222a74c2860 Unloading class 0x0000000100219c00 'java/lang/invoke/LambdaForm$MH+0x0000000100219c00'
Event: 2.110 Thread 0x00000222a74c2860 Unloading class 0x0000000100219800 'java/lang/invoke/LambdaForm$MH+0x0000000100219800'
Event: 2.110 Thread 0x00000222a74c2860 Unloading class 0x0000000100219400 'java/lang/invoke/LambdaForm$BMH+0x0000000100219400'
Event: 2.110 Thread 0x00000222a74c2860 Unloading class 0x0000000100219000 'java/lang/invoke/LambdaForm$DMH+0x0000000100219000'
Event: 2.110 Thread 0x00000222a74c2860 Unloading class 0x0000000100214400 'java/lang/invoke/LambdaForm$DMH+0x0000000100214400'

Classes redefined (0 events):
No events

Internal exceptions (20 events):
Event: 1.960 Thread 0x00000222a96baab0 Exception <a 'java/lang/NoSuchMethodError'{0x00000000ebfe0a68}: 'java.lang.Object java.lang.invoke.DirectMethodHandle$Holder.invokeStatic(java.lang.Object, java.lang.Object, java.lang.Object, java.lang.Object, int)'> (0x00000000ebfe0a68) 
thrown [s\src\hotspot\share\interpreter\linkResolver.cpp, line 759]
Event: 1.961 Thread 0x00000222a96baab0 Exception <a 'java/lang/NoSuchMethodError'{0x00000000ebfeca60}: 'java.lang.Object java.lang.invoke.DelegatingMethodHandle$Holder.reinvoke_L(java.lang.Object, java.lang.Object, java.lang.Object, java.lang.Object, int, int)'> (0x00000000ebfeca60) 
thrown [s\src\hotspot\share\interpreter\linkResolver.cpp, line 759]
Event: 1.962 Thread 0x00000222a96baab0 Exception <a 'java/lang/NoSuchMethodError'{0x00000000ec0010d0}: 'java.lang.Object java.lang.invoke.Invokers$Holder.invokeExact_MT(java.lang.Object, java.lang.Object, java.lang.Object, java.lang.Object)'> (0x00000000ec0010d0) 
thrown [s\src\hotspot\share\interpreter\linkResolver.cpp, line 759]
Event: 2.002 Thread 0x00000222a96baab0 Exception <a 'java/io/FileNotFoundException'{0x00000000ec28ffa0}> (0x00000000ec28ffa0) 
thrown [s\src\hotspot\share\prims\jni.cpp, line 516]
Event: 2.003 Thread 0x00000222a96baab0 Exception <a 'java/io/FileNotFoundException'{0x00000000ec2974d0}> (0x00000000ec2974d0) 
thrown [s\src\hotspot\share\prims\jni.cpp, line 516]
Event: 2.079 Thread 0x00000222a96baab0 Exception <a 'java/lang/NoSuchMethodError'{0x00000000eb041a18}: 'java.lang.Object java.lang.invoke.DirectMethodHandle$Holder.invokeStaticInit(java.lang.Object, int)'> (0x00000000eb041a18) 
thrown [s\src\hotspot\share\interpreter\linkResolver.cpp, line 759]
Event: 2.128 Thread 0x00000222a96baab0 Exception <a 'java/lang/NoSuchMethodError'{0x00000000eab79498}: 'java.lang.Object java.lang.invoke.DirectMethodHandle$Holder.invokeSpecial(java.lang.Object, java.lang.Object, java.lang.Object, long, java.lang.Object)'> (0x00000000eab79498) 
thrown [s\src\hotspot\share\interpreter\linkResolver.cpp, line 759]
Event: 2.128 Thread 0x00000222a96baab0 Exception <a 'java/lang/NoSuchMethodError'{0x00000000eab81650}: 'java.lang.Object java.lang.invoke.DirectMethodHandle$Holder.newInvokeSpecial(java.lang.Object, java.lang.Object, java.lang.Object, long)'> (0x00000000eab81650) 
thrown [s\src\hotspot\share\interpreter\linkResolver.cpp, line 759]
Event: 2.128 Thread 0x00000222a96baab0 Exception <a 'java/lang/NoSuchMethodError'{0x00000000eab85bf0}: 'java.lang.Object java.lang.invoke.DirectMethodHandle$Holder.invokeSpecial(java.lang.Object, java.lang.Object, java.lang.Object, java.lang.Object, long)'> (0x00000000eab85bf0) 
thrown [s\src\hotspot\share\interpreter\linkResolver.cpp, line 759]
Event: 2.129 Thread 0x00000222a96baab0 Exception <a 'java/lang/NoSuchMethodError'{0x00000000eab89a68}: 'java.lang.Object java.lang.invoke.Invokers$Holder.linkToTargetMethod(java.lang.Object, java.lang.Object, long, java.lang.Object)'> (0x00000000eab89a68) 
thrown [s\src\hotspot\share\interpreter\linkResolver.cpp, line 759]
Event: 2.134 Thread 0x00000222a96baab0 Exception <a 'java/lang/NoSuchMethodError'{0x00000000eac265c8}: 'int java.lang.invoke.DirectMethodHandle$Holder.invokeStaticInit(java.lang.Object, java.lang.Object, java.lang.Object)'> (0x00000000eac265c8) 
thrown [s\src\hotspot\share\interpreter\linkResolver.cpp, line 759]
Event: 2.150 Thread 0x00000222a96baab0 Exception <a 'java/lang/IncompatibleClassChangeError'{0x00000000ead790b0}: Found class java.lang.Object, but interface was expected> (0x00000000ead790b0) 
thrown [s\src\hotspot\share\interpreter\linkResolver.cpp, line 826]
Event: 2.156 Thread 0x00000222a96baab0 Exception <a 'java/lang/NoSuchMethodError'{0x00000000ead94228}: 'java.lang.Object java.lang.invoke.DirectMethodHandle$Holder.invokeSpecial(java.lang.Object, java.lang.Object, java.lang.Object, int, java.lang.Object, java.lang.Object)'> (0x00000000ead94228) 
thrown [s\src\hotspot\share\interpreter\linkResolver.cpp, line 759]
Event: 2.157 Thread 0x00000222a96baab0 Exception <a 'java/lang/NoSuchMethodError'{0x00000000ead9ca30}: 'java.lang.Object java.lang.invoke.DirectMethodHandle$Holder.newInvokeSpecial(java.lang.Object, java.lang.Object, java.lang.Object, int, java.lang.Object)'> (0x00000000ead9ca30) 
thrown [s\src\hotspot\share\interpreter\linkResolver.cpp, line 759]
Event: 2.157 Thread 0x00000222a96baab0 Exception <a 'java/lang/NoSuchMethodError'{0x00000000eada0e88}: 'java.lang.Object java.lang.invoke.DirectMethodHandle$Holder.invokeSpecial(java.lang.Object, java.lang.Object, java.lang.Object, java.lang.Object, int, java.lang.Object)'> (0x00000000eada0e88) 
thrown [s\src\hotspot\share\interpreter\linkResolver.cpp, line 759]
Event: 2.157 Thread 0x00000222a9876980 Exception <a 'java/lang/NoSuchMethodError'{0x00000000eabf7f10}: 'java.lang.Object java.lang.invoke.DirectMethodHandle$Holder.invokeSpecial(java.lang.Object, java.lang.Object, int, java.lang.Object, java.lang.Object)'> (0x00000000eabf7f10) 
thrown [s\src\hotspot\share\interpreter\linkResolver.cpp, line 759]
Event: 2.158 Thread 0x00000222a9876980 Exception <a 'java/lang/NoSuchMethodError'{0x00000000eabff5e0}: 'java.lang.Object java.lang.invoke.DirectMethodHandle$Holder.newInvokeSpecial(java.lang.Object, java.lang.Object, int, java.lang.Object)'> (0x00000000eabff5e0) 
thrown [s\src\hotspot\share\interpreter\linkResolver.cpp, line 759]
Event: 2.158 Thread 0x00000222a9876980 Exception <a 'java/lang/NoSuchMethodError'{0x00000000eac030f0}: 'java.lang.Object java.lang.invoke.DirectMethodHandle$Holder.invokeSpecial(java.lang.Object, java.lang.Object, java.lang.Object, int, java.lang.Object)'> (0x00000000eac030f0) 
thrown [s\src\hotspot\share\interpreter\linkResolver.cpp, line 759]
Event: 2.174 Thread 0x00000222a9876980 Exception <a 'java/lang/NoSuchMethodError'{0x00000000eaf4c618}: 'java.lang.Object java.lang.invoke.DirectMethodHandle$Holder.newInvokeSpecial(java.lang.Object, java.lang.Object, java.lang.Object, java.lang.Object, java.lang.Object)'> (0x00000000eaf4c618) 
thrown [s\src\hotspot\share\interpreter\linkResolver.cpp, line 759]
Event: 2.176 Thread 0x00000222a96baab0 Exception <a 'java/lang/OutOfMemoryError'{0x00000000eafeb088}> (0x00000000eafeb088) 
thrown [s\src\hotspot\share\prims\jni.cpp, line 535]

VM Operations (20 events):
Event: 1.618 Executing VM operation: HandshakeAllThreads
Event: 1.618 Executing VM operation: HandshakeAllThreads done
Event: 1.670 Executing VM operation: ParallelGCFailedAllocation
Event: 1.676 Executing VM operation: ParallelGCFailedAllocation done
Event: 1.870 Executing VM operation: HandshakeAllThreads
Event: 1.870 Executing VM operation: HandshakeAllThreads done
Event: 1.954 Executing VM operation: HandshakeAllThreads
Event: 1.954 Executing VM operation: HandshakeAllThreads done
Event: 2.017 Executing VM operation: ParallelGCFailedAllocation
Event: 2.022 Executing VM operation: ParallelGCFailedAllocation done
Event: 2.046 Executing VM operation: HandshakeAllThreads
Event: 2.046 Executing VM operation: HandshakeAllThreads done
Event: 2.104 Executing VM operation: CollectForMetadataAllocation
Event: 2.124 Executing VM operation: CollectForMetadataAllocation done
Event: 2.142 Executing VM operation: HandshakeAllThreads
Event: 2.142 Executing VM operation: HandshakeAllThreads done
Event: 2.166 Executing VM operation: HandshakeAllThreads
Event: 2.166 Executing VM operation: HandshakeAllThreads done
Event: 2.180 Executing VM operation: HandshakeAllThreads
Event: 2.180 Executing VM operation: HandshakeAllThreads done

Events (20 events):
Event: 2.168 loading class java/lang/invoke/VarHandleLongs$FieldInstanceReadOnly done
Event: 2.168 loading class java/lang/invoke/VarHandleLongs$FieldInstanceReadWrite done
Event: 2.168 loading class java/util/concurrent/atomic/Striped64$1
Event: 2.168 loading class java/util/concurrent/atomic/Striped64$1 done
Event: 2.173 loading class java/net/Authenticator
Event: 2.173 loading class java/net/Authenticator done
Event: 2.180 loading class java/io/PrintWriter
Event: 2.180 loading class java/io/PrintWriter done
Event: 2.180 loading class java/lang/Throwable$WrappedPrintWriter
Event: 2.180 loading class java/lang/Throwable$PrintStreamOrWriter
Event: 2.180 loading class java/lang/Throwable$PrintStreamOrWriter done
Event: 2.180 loading class java/lang/Throwable$WrappedPrintWriter done
Event: 2.186 loading class java/net/SocketAddress
Event: 2.186 loading class java/net/SocketAddress done
Event: 2.186 loading class java/net/InetSocketAddress
Event: 2.186 loading class java/net/InetSocketAddress done
Event: 2.186 loading class java/nio/channels/AsynchronousByteChannel
Event: 2.186 loading class java/nio/channels/AsynchronousChannel
Event: 2.186 loading class java/nio/channels/AsynchronousChannel done
Event: 2.186 loading class java/nio/channels/AsynchronousByteChannel done


Dynamic libraries:
0x00007ff6ec5a0000 - 0x00007ff6ec5ae000 	c:\Users\shali\.vscode\extensions\redhat.java-1.30.0-win32-x64\jre\17.0.10-win32-x86_64\bin\java.exe
0x00007ffd09dd0000 - 0x00007ffd09fe7000 	C:\Windows\SYSTEM32\ntdll.dll
0x00007ffd087c0000 - 0x00007ffd08884000 	C:\Windows\System32\KERNEL32.DLL
0x00007ffd073e0000 - 0x00007ffd07787000 	C:\Windows\System32\KERNELBASE.dll
0x00007ffd07790000 - 0x00007ffd078a1000 	C:\Windows\System32\ucrtbase.dll
0x00007ffcf41a0000 - 0x00007ffcf41bb000 	c:\Users\shali\.vscode\extensions\redhat.java-1.30.0-win32-x64\jre\17.0.10-win32-x86_64\bin\VCRUNTIME140.dll
0x00007ffcf6000000 - 0x00007ffcf6017000 	c:\Users\shali\.vscode\extensions\redhat.java-1.30.0-win32-x64\jre\17.0.10-win32-x86_64\bin\jli.dll
0x00007ffd08b70000 - 0x00007ffd08d1e000 	C:\Windows\System32\USER32.dll
0x00007ffd07ad0000 - 0x00007ffd07af6000 	C:\Windows\System32\win32u.dll
0x00007ffcf1e80000 - 0x00007ffcf2113000 	C:\Windows\WinSxS\amd64_microsoft.windows.common-controls_6595b64144ccf1df_6.0.22621.3527_none_270e469b73872a76\COMCTL32.dll
0x00007ffd098e0000 - 0x00007ffd09909000 	C:\Windows\System32\GDI32.dll
0x00007ffd088b0000 - 0x00007ffd08957000 	C:\Windows\System32\msvcrt.dll
0x00007ffd07200000 - 0x00007ffd07319000 	C:\Windows\System32\gdi32full.dll
0x00007ffd07160000 - 0x00007ffd071fa000 	C:\Windows\System32\msvcp_win.dll
0x00007ffd08d80000 - 0x00007ffd08db1000 	C:\Windows\System32\IMM32.DLL
0x00007ffd03af0000 - 0x00007ffd03afc000 	c:\Users\shali\.vscode\extensions\redhat.java-1.30.0-win32-x64\jre\17.0.10-win32-x86_64\bin\vcruntime140_1.dll
0x00007ffcb2800000 - 0x00007ffcb288d000 	c:\Users\shali\.vscode\extensions\redhat.java-1.30.0-win32-x64\jre\17.0.10-win32-x86_64\bin\msvcp140.dll
0x00007ffbc9d10000 - 0x00007ffbca972000 	c:\Users\shali\.vscode\extensions\redhat.java-1.30.0-win32-x64\jre\17.0.10-win32-x86_64\bin\server\jvm.dll
0x00007ffd09cd0000 - 0x00007ffd09d82000 	C:\Windows\System32\ADVAPI32.dll
0x00007ffd09bc0000 - 0x00007ffd09c68000 	C:\Windows\System32\sechost.dll
0x00007ffd07aa0000 - 0x00007ffd07ac8000 	C:\Windows\System32\bcrypt.dll
0x00007ffd08960000 - 0x00007ffd08a75000 	C:\Windows\System32\RPCRT4.dll
0x00007ffd06fb0000 - 0x00007ffd06ffd000 	C:\Windows\SYSTEM32\POWRPROF.dll
0x00007ffceeaa0000 - 0x00007ffceeaa9000 	C:\Windows\SYSTEM32\WSOCK32.dll
0x00007ffcfe3e0000 - 0x00007ffcfe414000 	C:\Windows\SYSTEM32\WINMM.dll
0x00007ffcff360000 - 0x00007ffcff36a000 	C:\Windows\SYSTEM32\VERSION.dll
0x00007ffd08740000 - 0x00007ffd087b1000 	C:\Windows\System32\WS2_32.dll
0x00007ffd06f90000 - 0x00007ffd06fa3000 	C:\Windows\SYSTEM32\UMPDC.dll
0x00007ffd060d0000 - 0x00007ffd060e8000 	C:\Windows\SYSTEM32\kernel.appcore.dll
0x00007ffd02030000 - 0x00007ffd0203a000 	c:\Users\shali\.vscode\extensions\redhat.java-1.30.0-win32-x64\jre\17.0.10-win32-x86_64\bin\jimage.dll
0x00007ffd04a80000 - 0x00007ffd04cb3000 	C:\Windows\SYSTEM32\DBGHELP.DLL
0x00007ffd08230000 - 0x00007ffd085b8000 	C:\Windows\System32\combase.dll
0x00007ffd08a80000 - 0x00007ffd08b57000 	C:\Windows\System32\OLEAUT32.dll
0x00007ffceeab0000 - 0x00007ffceeae2000 	C:\Windows\SYSTEM32\dbgcore.DLL
0x00007ffd078b0000 - 0x00007ffd07929000 	C:\Windows\System32\bcryptPrimitives.dll
0x00007ffcef2b0000 - 0x00007ffcef2be000 	c:\Users\shali\.vscode\extensions\redhat.java-1.30.0-win32-x64\jre\17.0.10-win32-x86_64\bin\instrument.dll
0x00007ffcd6840000 - 0x00007ffcd6865000 	c:\Users\shali\.vscode\extensions\redhat.java-1.30.0-win32-x64\jre\17.0.10-win32-x86_64\bin\java.dll
0x00007ffcddf40000 - 0x00007ffcddf58000 	c:\Users\shali\.vscode\extensions\redhat.java-1.30.0-win32-x64\jre\17.0.10-win32-x86_64\bin\zip.dll
0x00007ffd08dc0000 - 0x00007ffd0961c000 	C:\Windows\System32\SHELL32.dll
0x00007ffd04fe0000 - 0x00007ffd058d6000 	C:\Windows\SYSTEM32\windows.storage.dll
0x00007ffd04ea0000 - 0x00007ffd04fde000 	C:\Windows\SYSTEM32\wintypes.dll
0x00007ffd07bb0000 - 0x00007ffd07ca5000 	C:\Windows\System32\SHCORE.dll
0x00007ffd08d20000 - 0x00007ffd08d7e000 	C:\Windows\System32\shlwapi.dll
0x00007ffd07020000 - 0x00007ffd07041000 	C:\Windows\SYSTEM32\profapi.dll
0x00007ffcd6820000 - 0x00007ffcd6839000 	C:\Users\shali\.vscode\extensions\redhat.java-1.30.0-win32-x64\jre\17.0.10-win32-x86_64\bin\net.dll
0x00007ffcffc10000 - 0x00007ffcffd46000 	C:\Windows\SYSTEM32\WINHTTP.dll
0x00007ffd06540000 - 0x00007ffd065a9000 	C:\Windows\system32\mswsock.dll
0x00007ffcd6800000 - 0x00007ffcd6816000 	C:\Users\shali\.vscode\extensions\redhat.java-1.30.0-win32-x64\jre\17.0.10-win32-x86_64\bin\nio.dll
0x00007ffcef2a0000 - 0x00007ffcef2b0000 	c:\Users\shali\.vscode\extensions\redhat.java-1.30.0-win32-x64\jre\17.0.10-win32-x86_64\bin\verify.dll
0x00007ffcc3880000 - 0x00007ffcc38be000 	C:\Users\shali\AppData\Roaming\Code\User\globalStorage\redhat.java\1.30.0\config_ss_win\org.eclipse.equinox.launcher\org.eclipse.equinox.launcher.win32.win32.x86_64_1.2.900.v20240213-1244\eclipse_11900.dll
0x00007ffd09910000 - 0x00007ffd09ab5000 	C:\Windows\System32\ole32.dll

dbghelp: loaded successfully - version: 4.0.5 - missing functions: none
symbol engine: initialized successfully - sym options: 0x614 - pdb path: .;c:\Users\shali\.vscode\extensions\redhat.java-1.30.0-win32-x64\jre\17.0.10-win32-x86_64\bin;C:\Windows\SYSTEM32;C:\Windows\WinSxS\amd64_microsoft.windows.common-controls_6595b64144ccf1df_6.0.22621.3527_none_270e469b73872a76;c:\Users\shali\.vscode\extensions\redhat.java-1.30.0-win32-x64\jre\17.0.10-win32-x86_64\bin\server;C:\Users\shali\AppData\Roaming\Code\User\globalStorage\redhat.java\1.30.0\config_ss_win\org.eclipse.equinox.launcher\org.eclipse.equinox.launcher.win32.win32.x86_64_1.2.900.v20240213-1244

VM Arguments:
jvm_args: --add-modules=ALL-SYSTEM --add-opens=java.base/java.util=ALL-UNNAMED --add-opens=java.base/java.lang=ALL-UNNAMED --add-opens=java.base/sun.nio.fs=ALL-UNNAMED -Declipse.application=org.eclipse.jdt.ls.core.id1 -Dosgi.bundles.defaultStartLevel=4 -Declipse.product=org.eclipse.jdt.ls.core.product -Djava.import.generatesMetadataFilesAtProjectRoot=false -DDetectVMInstallationsJob.disabled=true -Dfile.encoding=utf8 -XX:+UseParallelGC -XX:GCTimeRatio=4 -XX:AdaptiveSizePolicyWeight=90 -Dsun.zip.disableMemoryMapping=true -Xmx1G -Xms100m -Xlog:disable -javaagent:c:\Users\shali\.vscode\extensions\redhat.java-1.30.0-win32-x64\lombok\lombok-1.18.32.jar 
java_command: c:\Users\shali\.vscode\extensions\redhat.java-1.30.0-win32-x64\server\plugins\org.eclipse.equinox.launcher_1.6.800.v20240330-1250.jar -configuration c:\Users\shali\AppData\Roaming\Code\User\globalStorage\redhat.java\1.30.0\config_ss_win -data c:\Users\shali\AppData\Roaming\Code\User\workspaceStorage\cb74f85f1941a01d8268b10eed0c76da\redhat.java\ss_ws --pipe=\\.\pipe\lsp-121099dcf7cf16f81e1af4a34613b306-sock
java_class_path (initial): c:\Users\shali\.vscode\extensions\redhat.java-1.30.0-win32-x64\server\plugins\org.eclipse.equinox.launcher_1.6.800.v20240330-1250.jar
Launcher Type: SUN_STANDARD

[Global flags]
    uintx AdaptiveSizePolicyWeight                 = 90                                        {product} {command line}
     intx CICompilerCount                          = 4                                         {product} {ergonomic}
    uintx GCTimeRatio                              = 4                                         {product} {command line}
   size_t InitialHeapSize                          = 104857600                                 {product} {command line}
   size_t MaxHeapSize                              = 1073741824                                {product} {command line}
   size_t MaxNewSize                               = 357564416                                 {product} {ergonomic}
   size_t MinHeapDeltaBytes                        = 524288                                    {product} {ergonomic}
   size_t MinHeapSize                              = 104857600                                 {product} {command line}
   size_t NewSize                                  = 34603008                                  {product} {ergonomic}
    uintx NonNMethodCodeHeapSize                   = 5839372                                {pd product} {ergonomic}
    uintx NonProfiledCodeHeapSize                  = 122909434                              {pd product} {ergonomic}
   size_t OldSize                                  = 70254592                                  {product} {ergonomic}
    uintx ProfiledCodeHeapSize                     = 122909434                              {pd product} {ergonomic}
    uintx ReservedCodeCacheSize                    = 251658240                              {pd product} {ergonomic}
     bool SegmentedCodeCache                       = true                                      {product} {ergonomic}
   size_t SoftMaxHeapSize                          = 1073741824                             {manageable} {ergonomic}
     bool UseCompressedClassPointers               = true                           {product lp64_product} {ergonomic}
     bool UseCompressedOops                        = true                           {product lp64_product} {ergonomic}
     bool UseLargePagesIndividualAllocation        = false                                  {pd product} {ergonomic}
     bool UseParallelGC                            = true                                      {product} {command line}

Logging:
Log output configuration:
 #0: stdout all=off uptime,level,tags
 #1: stderr all=off uptime,level,tags

Environment Variables:
PATH=C:\Program Files (x86)\Microsoft SDKs\Azure\CLI2\wbin;C:\Windows\system32;C:\Windows;C:\Windows\System32\Wbem;C:\Windows\System32\WindowsPowerShell\v1.0\;C:\Windows\System32\OpenSSH\;C:\Program Files\NVIDIA Corporation\NVIDIA NvDLISR;C:\Program Files (x86)\NVIDIA Corporation\PhysX\Common;C:\Program Files\Git\cmd;C:\ProgramData\chocolatey\bin;C:\src\flutter\bin;C:\Users\shali\AppData\Roaming\nvm;C:\Program Files\nodejs;C:\Program Files\Docker\Docker\resources\bin;C:\Program Files\Amazon\AWSCLIV2\;C:\Program Files\Go\bin;C:\Program Files\dotnet\;C:\Program Files\Microsoft SQL Server\150\Tools\Binn\;C:\Program Files\Microsoft SQL Server\Client SDK\ODBC\170\Tools\Binn\;C:\Program Files\Java\jdk-17\bin;C:\Program Files\Amazon\AWSSAMCLI\bin\;C:\Users\shali\.cargo\bin;C:\Users\shali\anaconda3;C:\Users\shali\anaconda3\Library\mingw-w64\bin;C:\Users\shali\anaconda3\Library\usr\bin;C:\Users\shali\anaconda3\Library\bin;C:\Users\shali\anaconda3\Scripts;C:\Program Files\MySQL\MySQL Shell 8.0\bin\;C:\Users\shali\AppData\Local\Programs\Python\Python311\Scripts\;C:\Users\shali\AppData\Local\Programs\Python\Python311\;C:\Users\shali\AppData\Local\Microsoft\WindowsApps;C:\Users\shali\AppData\Local\Programs\Microsoft VS Code\bin;C:\Program Files\JetBrains\DataGrip 2023.1.1\bin;C:\Users\shali\AppData\Local\Programs\Microsoft VS Code Insiders\bin;C:\Program Files\JetBrains\IntelliJ IDEA 2023.1.2\bin;C:\Users\shali\AppData\Local\GitHubDesktop\bin;C:\Users\shali\AppData\Roaming\nvm;C:\Program Files\nodejs;C:\Program Files\JetBrains\PyCharm 2023.1.3\bin;C:\Users\shali\AppData\Local\JetBrains\Toolbox\scripts;C:\src\flutter\bin;C:\Users\shali\AppData\Local\Programs\Azure Dev CLI\;C:\Users\shali\AppData\Roaming\cabal\bin;C:\tools\ghc-9.6.2\bin;C:\ghcup\bin;C:\Users\shali\go\bin;C:\Users\shali\.dotnet\tools
USERNAME=shali
OS=Windows_NT
PROCESSOR_IDENTIFIER=Intel64 Family 6 Model 165 Stepping 2, GenuineIntel
TMP=C:\Users\shali\AppData\Local\Temp
TEMP=C:\Users\shali\AppData\Local\Temp



Periodic native trim disabled


---------------  S Y S T E M  ---------------

OS:
 Windows 11 , 64 bit Build 22621 (10.0.22621.3527)
OS uptime: 1 days 2:27 hours
Hyper-V role detected

CPU: total 12 (initial active 12) (6 cores per cpu, 2 threads per core) family 6 model 165 stepping 2 microcode 0xea, cx8, cmov, fxsr, ht, mmx, 3dnowpref, sse, sse2, sse3, ssse3, sse4.1, sse4.2, popcnt, lzcnt, tsc, tscinvbit, avx, avx2, aes, erms, clmul, bmi1, bmi2, adx, fma, vzeroupper, clflush, clflushopt, hv
Processor Information for all 12 processors :
  Max Mhz: 2592, Current Mhz: 2592, Mhz Limit: 2592

Memory: 4k page, system-wide physical 16215M (2738M free)
TotalPageFile size 24215M (AvailPageFile size 3M)
current process WorkingSet (physical memory assigned to process): 111M, peak: 111M
current process commit charge ("private bytes"): 225M, peak: 225M

vm_info: OpenJDK 64-Bit Server VM (17.0.10+7) for windows-amd64 JRE (17.0.10+7), built on Jan 16 2024 23:25:11 by "admin" with MS VC++ 16.10 / 16.11 (VS2019)

END.
